[0829/103605.293:INFO:CONSOLE(1)] "Long rAF frame-time", source: file:///C:/Program%20Files/Adobe/Adobe%20Photoshop%202020/Required/www-rich-tooltips/build/external.js (1)
[0829/103605.360:ERROR:mf_helpers.cc(14)] Error in dxva_video_decode_accelerator_win.cc on line 1612
[0829/103605.360:ERROR:mf_helpers.cc(14)] Error in dxva_video_decode_accelerator_win.cc on line 842
[0829/103605.392:WARNING:angle_platform_impl.cc(52)] compileToBinary(230): 
C:\fakepath(69,8-58): warning X3571: pow(f, e) will not work for negative f, use abs(f) or conditionally handle negative values if you expect them
C:\fakepath(77,9-43): warning X3571: pow(f, e) will not work for negative f, use abs(f) or conditionally handle negative values if you expect them

[0830/131203.784:WARNING:dns_config_service_win.cc(668)] Failed to read DnsConfig.
[0830/131208.794:WARNING:dns_config_service_win.cc(668)] Failed to read DnsConfig.
[0830/131213.795:WARNING:dns_config_service_win.cc(668)] Failed to read DnsConfig.
[0830/131218.801:WARNING:dns_config_service_win.cc(668)] Failed to read DnsConfig.
[0830/131223.809:WARNING:dns_config_service_win.cc(668)] Failed to read DnsConfig.
[0830/131228.817:WARNING:dns_config_service_win.cc(668)] Failed to read DnsConfig.
[0830/131233.824:WARNING:dns_config_service_win.cc(668)] Failed to read DnsConfig.
[0830/131238.831:WARNING:dns_config_service_win.cc(668)] Failed to read DnsConfig.
[0830/131243.839:WARNING:dns_config_service_win.cc(668)] Failed to read DnsConfig.
[0830/131248.847:WARNING:dns_config_service_win.cc(668)] Failed to read DnsConfig.
[0830/131253.853:WARNING:dns_config_service_win.cc(668)] Failed to read DnsConfig.
[0830/131258.860:WARNING:dns_config_service_win.cc(668)] Failed to read DnsConfig.
[0830/131303.871:WARNING:dns_config_service_win.cc(668)] Failed to read DnsConfig.
[0830/131308.878:WARNING:dns_config_service_win.cc(668)] Failed to read DnsConfig.
[0830/131313.885:WARNING:dns_config_service_win.cc(668)] Failed to read DnsConfig.
[0830/131318.894:WARNING:dns_config_service_win.cc(668)] Failed to read DnsConfig.
[0830/131323.902:WARNING:dns_config_service_win.cc(668)] Failed to read DnsConfig.
[0830/141416.943:WARNING:dns_config_service_win.cc(668)] Failed to read DnsConfig.
[0831/155611.406:WARNING:dns_config_service_win.cc(668)] Failed to read DnsConfig.
[0831/221345.184:WARNING:dns_config_service_win.cc(668)] Failed to read DnsConfig.
[0902/094930.512:WARNING:dns_config_service_win.cc(668)] Failed to read DnsConfig.
[0902/094935.525:WARNING:dns_config_service_win.cc(668)] Failed to read DnsConfig.
[0902/094940.530:WARNING:dns_config_service_win.cc(668)] Failed to read DnsConfig.
[0902/094945.538:WARNING:dns_config_service_win.cc(668)] Failed to read DnsConfig.
[0902/094950.542:WARNING:dns_config_service_win.cc(668)] Failed to read DnsConfig.
[0902/094955.548:WARNING:dns_config_service_win.cc(668)] Failed to read DnsConfig.
[0902/095000.556:WARNING:dns_config_service_win.cc(668)] Failed to read DnsConfig.
[0902/095005.560:WARNING:dns_config_service_win.cc(668)] Failed to read DnsConfig.
[0902/095010.572:WARNING:dns_config_service_win.cc(668)] Failed to read DnsConfig.
[0902/095015.576:WARNING:dns_config_service_win.cc(668)] Failed to read DnsConfig.
[0902/095020.586:WARNING:dns_config_service_win.cc(668)] Failed to read DnsConfig.
[0902/095025.597:WARNING:dns_config_service_win.cc(668)] Failed to read DnsConfig.
[0902/095030.608:WARNING:dns_config_service_win.cc(668)] Failed to read DnsConfig.
[0902/095035.616:WARNING:dns_config_service_win.cc(668)] Failed to read DnsConfig.
[0902/095040.625:WARNING:dns_config_service_win.cc(668)] Failed to read DnsConfig.
[0902/095045.633:WARNING:dns_config_service_win.cc(668)] Failed to read DnsConfig.
[0902/095050.641:WARNING:dns_config_service_win.cc(668)] Failed to read DnsConfig.
